<?xml version="1.0" encoding="UTF-8"?>
<!-- Generated by org.testng.reporters.JUnitReportReporter -->
<testsuite hostname="dell-PC" name="test_scripts.Launch_Gmail" tests="1" failures="0" timestamp="20 Dec 2019 06:32:36 GMT" time="37.918" errors="0">
  <testcase name="login" time="37.918" classname="test_scripts.Launch_Gmail"/>
</testsuite> <!-- test_scripts.Launch_Gmail -->
